<?xml version="1.0" encoding="UTF-8"?>
<!-- Generated by org.testng.reporters.JUnitXMLReporter -->
<testsuite ignored="3" hostname="DESKTOP-0CJNTAJ" failures="0" tests="2" name="Test" time="19.338" errors="0" timestamp="2022-03-07T01:40:10 IST">
  <testcase classname="sampleProject.Sample" name="LaunchApp" time="6.944"/>
  <testcase classname="sampleProject.Sample" name="LoginDetails" time="12.358"/>
  <testcase classname="sampleProject.Sample" name="AddProductToCart" time="0.0">
    <ignored/>
  </testcase> <!-- AddProductToCart -->
  <testcase classname="sampleProject.Sample" name="ProductDetails" time="0.0">
    <ignored/>
  </testcase> <!-- ProductDetails -->
  <testcase classname="sampleProject.Sample" name="CardDetailsAndPayment" time="0.0">
    <ignored/>
  </testcase> <!-- CardDetailsAndPayment -->
</testsuite> <!-- Test -->
